c:\users\brent\source\repos\program 4 design\debug\vc142.pdb
c:\users\brent\source\repos\program 4 design\debug\vc142.idb
c:\users\brent\source\repos\program 4 design\debug\transactionfactory.obj
c:\users\brent\source\repos\program 4 design\debug\transaction.obj
c:\users\brent\source\repos\program 4 design\debug\store.obj
c:\users\brent\source\repos\program 4 design\debug\sportscard.obj
c:\users\brent\source\repos\program 4 design\debug\sell.obj
c:\users\brent\source\repos\program 4 design\debug\searchtree.obj
c:\users\brent\source\repos\program 4 design\debug\main.obj
c:\users\brent\source\repos\program 4 design\debug\history.obj
c:\users\brent\source\repos\program 4 design\debug\displayinventory.obj
c:\users\brent\source\repos\program 4 design\debug\customertransactions.obj
c:\users\brent\source\repos\program 4 design\debug\customer.obj
c:\users\brent\source\repos\program 4 design\debug\comparablefactory.obj
c:\users\brent\source\repos\program 4 design\debug\comparable.obj
c:\users\brent\source\repos\program 4 design\debug\comicbook.obj
c:\users\brent\source\repos\program 4 design\debug\collectibleitem.obj
c:\users\brent\source\repos\program 4 design\debug\coin.obj
c:\users\brent\source\repos\program 4 design\debug\buy.obj
c:\users\brent\source\repos\program 4 design\debug\program 4 design.exe
c:\users\brent\source\repos\program 4 design\debug\program 4 design.ilk
c:\users\brent\source\repos\program 4 design\debug\program 4 design.pdb
c:\users\brent\source\repos\program 4 design\debug\program 4 design.tlog\cl.command.1.tlog
c:\users\brent\source\repos\program 4 design\debug\program 4 design.tlog\cl.read.1.tlog
c:\users\brent\source\repos\program 4 design\debug\program 4 design.tlog\cl.write.1.tlog
c:\users\brent\source\repos\program 4 design\debug\program 4 design.tlog\link.command.1.tlog
c:\users\brent\source\repos\program 4 design\debug\program 4 design.tlog\link.read.1.tlog
c:\users\brent\source\repos\program 4 design\debug\program 4 design.tlog\link.write.1.tlog
